TN:
SF:babel.config.js
FNF:0
FNH:0
DA:1,0
LF:1
LH:0
BRF:0
BRH:0
end_of_record
TN:
SF:jest.config.js
FNF:0
FNH:0
DA:2,0
LF:1
LH:0
BRF:0
BRH:0
end_of_record
TN:
SF:coverage\lcov-report\block-navigation.js
FN:2,init
FN:24,toggleClass
FN:31,makeCurrent
FN:41,goToPrevious
FN:52,goToNext
FN:65,jump
FNF:6
FNH:0
FNDA:0,init
FNDA:0,toggleClass
FNDA:0,makeCurrent
FNDA:0,goToPrevious
FNDA:0,goToNext
FNDA:0,jump
DA:2,0
DA:4,0
DA:7,0
DA:10,0
DA:14,0
DA:20,0
DA:25,0
DA:28,0
DA:32,0
DA:33,0
DA:34,0
DA:42,0
DA:43,0
DA:44,0
DA:45,0
DA:46,0
DA:49,0
DA:53,0
DA:55,0
DA:59,0
DA:62,0
DA:65,0
DA:66,0
DA:71,0
DA:74,0
DA:77,0
DA:78,0
DA:82,0
DA:83,0
DA:87,0
LF:30
LH:0
BRDA:43,0,0,0
BRDA:43,0,1,0
BRDA:43,1,0,0
BRDA:43,1,1,0
BRDA:45,2,0,0
BRDA:45,2,1,0
BRDA:55,3,0,0
BRDA:55,3,1,0
BRDA:56,4,0,0
BRDA:56,4,1,0
BRDA:66,5,0,0
BRDA:66,5,1,0
BRDA:67,6,0,0
BRDA:67,6,1,0
BRDA:74,7,0,0
BRDA:74,7,1,0
BRDA:74,7,2,0
BRDA:74,7,3,0
BRDA:74,7,4,0
BRF:19
BRH:0
end_of_record
TN:
SF:coverage\lcov-report\prettify.js
FN:2,(anonymous_0)
FN:2,k
FN:2,ab
FN:2,T
FN:2,X
FN:2,(anonymous_5)
FN:2,W
FN:2,(anonymous_7)
FN:2,a
FN:2,aa
FN:2,B
FN:2,o
FN:2,g
FN:2,(anonymous_13)
FN:2,(anonymous_14)
FN:2,i
FN:2,Q
FN:2,ae
FN:2,ad
FN:2,ai
FN:2,D
FN:2,c
FN:2,q
FN:2,d
FN:2,y
FN:2,b
FN:2,Y
FN:2,(anonymous_27)
FN:2,U
FNF:29
FNH:0
FNDA:0,(anonymous_0)
FNDA:0,k
FNDA:0,ab
FNDA:0,T
FNDA:0,X
FNDA:0,(anonymous_5)
FNDA:0,W
FNDA:0,(anonymous_7)
FNDA:0,a
FNDA:0,aa
FNDA:0,B
FNDA:0,o
FNDA:0,g
FNDA:0,(anonymous_13)
FNDA:0,(anonymous_14)
FNDA:0,i
FNDA:0,Q
FNDA:0,ae
FNDA:0,ad
FNDA:0,ai
FNDA:0,D
FNDA:0,c
FNDA:0,q
FNDA:0,d
FNDA:0,y
FNDA:0,b
FNDA:0,Y
FNDA:0,(anonymous_27)
FNDA:0,U
DA:2,0
LF:1
LH:0
BRDA:2,0,0,0
BRDA:2,0,1,0
BRDA:2,1,0,0
BRDA:2,1,1,0
BRDA:2,2,0,0
BRDA:2,2,1,0
BRDA:2,3,0,0
BRDA:2,3,1,0
BRDA:2,4,0,0
BRDA:2,4,1,0
BRDA:2,5,0,0
BRDA:2,5,1,0
BRDA:2,6,0,0
BRDA:2,6,1,0
BRDA:2,7,0,0
BRDA:2,7,1,0
BRDA:2,8,0,0
BRDA:2,8,1,0
BRDA:2,9,0,0
BRDA:2,9,1,0
BRDA:2,10,0,0
BRDA:2,10,1,0
BRDA:2,11,0,0
BRDA:2,11,1,0
BRDA:2,11,2,0
BRDA:2,11,3,0
BRDA:2,12,0,0
BRDA:2,12,1,0
BRDA:2,13,0,0
BRDA:2,13,1,0
BRDA:2,14,0,0
BRDA:2,14,1,0
BRDA:2,15,0,0
BRDA:2,15,1,0
BRDA:2,16,0,0
BRDA:2,16,1,0
BRDA:2,17,0,0
BRDA:2,17,1,0
BRDA:2,18,0,0
BRDA:2,18,1,0
BRDA:2,19,0,0
BRDA:2,19,1,0
BRDA:2,20,0,0
BRDA:2,20,1,0
BRDA:2,21,0,0
BRDA:2,21,1,0
BRDA:2,22,0,0
BRDA:2,22,1,0
BRDA:2,23,0,0
BRDA:2,23,1,0
BRDA:2,24,0,0
BRDA:2,24,1,0
BRDA:2,25,0,0
BRDA:2,25,1,0
BRDA:2,26,0,0
BRDA:2,26,1,0
BRDA:2,27,0,0
BRDA:2,27,1,0
BRDA:2,28,0,0
BRDA:2,28,1,0
BRDA:2,29,0,0
BRDA:2,29,1,0
BRDA:2,30,0,0
BRDA:2,30,1,0
BRDA:2,31,0,0
BRDA:2,31,1,0
BRDA:2,32,0,0
BRDA:2,32,1,0
BRDA:2,33,0,0
BRDA:2,33,1,0
BRDA:2,34,0,0
BRDA:2,34,1,0
BRDA:2,35,0,0
BRDA:2,35,1,0
BRDA:2,36,0,0
BRDA:2,36,1,0
BRDA:2,37,0,0
BRDA:2,37,1,0
BRDA:2,38,0,0
BRDA:2,38,1,0
BRDA:2,39,0,0
BRDA:2,39,1,0
BRDA:2,40,0,0
BRDA:2,40,1,0
BRDA:2,41,0,0
BRDA:2,41,1,0
BRDA:2,42,0,0
BRDA:2,42,1,0
BRDA:2,43,0,0
BRDA:2,43,1,0
BRDA:2,44,0,0
BRDA:2,44,1,0
BRDA:2,45,0,0
BRDA:2,45,1,0
BRDA:2,46,0,0
BRDA:2,46,1,0
BRDA:2,47,0,0
BRDA:2,47,1,0
BRDA:2,48,0,0
BRDA:2,48,1,0
BRDA:2,49,0,0
BRDA:2,49,1,0
BRDA:2,50,0,0
BRDA:2,50,1,0
BRDA:2,50,2,0
BRDA:2,51,0,0
BRDA:2,51,1,0
BRDA:2,52,0,0
BRDA:2,52,1,0
BRDA:2,53,0,0
BRDA:2,53,1,0
BRDA:2,54,0,0
BRDA:2,54,1,0
BRDA:2,55,0,0
BRDA:2,55,1,0
BRDA:2,56,0,0
BRDA:2,56,1,0
BRDA:2,57,0,0
BRDA:2,57,1,0
BRDA:2,58,0,0
BRDA:2,58,1,0
BRDA:2,59,0,0
BRDA:2,59,1,0
BRDA:2,60,0,0
BRDA:2,60,1,0
BRDA:2,61,0,0
BRDA:2,61,1,0
BRDA:2,62,0,0
BRDA:2,62,1,0
BRDA:2,63,0,0
BRDA:2,63,1,0
BRDA:2,64,0,0
BRDA:2,64,1,0
BRDA:2,65,0,0
BRDA:2,65,1,0
BRDA:2,66,0,0
BRDA:2,66,1,0
BRDA:2,67,0,0
BRDA:2,67,1,0
BRDA:2,68,0,0
BRDA:2,68,1,0
BRDA:2,69,0,0
BRDA:2,69,1,0
BRDA:2,70,0,0
BRDA:2,70,1,0
BRDA:2,71,0,0
BRDA:2,71,1,0
BRDA:2,72,0,0
BRDA:2,72,1,0
BRDA:2,73,0,0
BRDA:2,73,1,0
BRDA:2,74,0,0
BRDA:2,74,1,0
BRDA:2,75,0,0
BRDA:2,75,1,0
BRDA:2,76,0,0
BRDA:2,76,1,0
BRDA:2,77,0,0
BRDA:2,77,1,0
BRDA:2,78,0,0
BRDA:2,78,1,0
BRDA:2,79,0,0
BRDA:2,79,1,0
BRDA:2,80,0,0
BRDA:2,80,1,0
BRDA:2,81,0,0
BRDA:2,81,1,0
BRDA:2,82,0,0
BRDA:2,82,1,0
BRDA:2,83,0,0
BRDA:2,83,1,0
BRDA:2,84,0,0
BRDA:2,84,1,0
BRDA:2,85,0,0
BRDA:2,85,1,0
BRDA:2,86,0,0
BRDA:2,86,1,0
BRDA:2,87,0,0
BRDA:2,87,1,0
BRDA:2,88,0,0
BRDA:2,88,1,0
BRDA:2,89,0,0
BRDA:2,89,1,0
BRDA:2,89,2,0
BRDA:2,90,0,0
BRDA:2,90,1,0
BRDA:2,91,0,0
BRDA:2,91,1,0
BRDA:2,92,0,0
BRDA:2,92,1,0
BRDA:2,93,0,0
BRDA:2,93,1,0
BRDA:2,94,0,0
BRDA:2,94,1,0
BRDA:2,95,0,0
BRDA:2,95,1,0
BRDA:2,96,0,0
BRDA:2,96,1,0
BRDA:2,97,0,0
BRDA:2,97,1,0
BRDA:2,98,0,0
BRDA:2,98,1,0
BRDA:2,99,0,0
BRDA:2,99,1,0
BRDA:2,100,0,0
BRDA:2,100,1,0
BRDA:2,101,0,0
BRDA:2,101,1,0
BRDA:2,102,0,0
BRDA:2,102,1,0
BRDA:2,103,0,0
BRDA:2,103,1,0
BRDA:2,104,0,0
BRDA:2,104,1,0
BRDA:2,105,0,0
BRDA:2,105,1,0
BRDA:2,106,0,0
BRDA:2,106,1,0
BRDA:2,107,0,0
BRDA:2,107,1,0
BRDA:2,108,0,0
BRDA:2,108,1,0
BRDA:2,109,0,0
BRDA:2,109,1,0
BRDA:2,110,0,0
BRDA:2,110,1,0
BRDA:2,111,0,0
BRDA:2,111,1,0
BRDA:2,112,0,0
BRDA:2,112,1,0
BRDA:2,113,0,0
BRDA:2,113,1,0
BRDA:2,114,0,0
BRDA:2,114,1,0
BRDA:2,115,0,0
BRDA:2,115,1,0
BRDA:2,116,0,0
BRDA:2,116,1,0
BRDA:2,117,0,0
BRDA:2,117,1,0
BRDA:2,118,0,0
BRDA:2,118,1,0
BRDA:2,119,0,0
BRDA:2,119,1,0
BRDA:2,120,0,0
BRDA:2,120,1,0
BRDA:2,121,0,0
BRDA:2,121,1,0
BRDA:2,122,0,0
BRDA:2,122,1,0
BRDA:2,123,0,0
BRDA:2,123,1,0
BRDA:2,124,0,0
BRDA:2,124,1,0
BRDA:2,125,0,0
BRDA:2,125,1,0
BRDA:2,126,0,0
BRDA:2,126,1,0
BRDA:2,127,0,0
BRDA:2,127,1,0
BRDA:2,128,0,0
BRDA:2,128,1,0
BRDA:2,128,2,0
BRDA:2,129,0,0
BRDA:2,129,1,0
BRDA:2,130,0,0
BRDA:2,130,1,0
BRDA:2,131,0,0
BRDA:2,131,1,0
BRDA:2,131,2,0
BRDA:2,131,3,0
BRDA:2,131,4,0
BRDA:2,132,0,0
BRDA:2,132,1,0
BRDA:2,133,0,0
BRDA:2,133,1,0
BRDA:2,134,0,0
BRDA:2,134,1,0
BRDA:2,135,0,0
BRDA:2,135,1,0
BRDA:2,136,0,0
BRDA:2,136,1,0
BRDA:2,137,0,0
BRDA:2,137,1,0
BRDA:2,138,0,0
BRDA:2,138,1,0
BRF:286
BRH:0
end_of_record
TN:
SF:coverage\lcov-report\sorter.js
FN:2,(anonymous_0)
FN:11,getTable
FN:15,getTableHeader
FN:19,getTableBody
FN:23,getNthColumn
FN:27,onFilterInput
FN:45,addSearchBox
FN:53,loadColumns
FN:78,loadRowData
FN:97,loadData
FN:106,sortByIndex
FN:108,(anonymous_11)
FN:120,(anonymous_12)
FN:137,removeSortIndicators
FN:145,addSortIndicators
FN:151,enableUI
FN:154,ithSorter
FN:157,(anonymous_17)
FN:184,(anonymous_18)
FNF:19
FNH:0
FNDA:0,(anonymous_0)
FNDA:0,getTable
FNDA:0,getTableHeader
FNDA:0,getTableBody
FNDA:0,getNthColumn
FNDA:0,onFilterInput
FNDA:0,addSearchBox
FNDA:0,loadColumns
FNDA:0,loadRowData
FNDA:0,loadData
FNDA:0,sortByIndex
FNDA:0,(anonymous_11)
FNDA:0,(anonymous_12)
FNDA:0,removeSortIndicators
FNDA:0,addSortIndicators
FNDA:0,enableUI
FNDA:0,ithSorter
FNDA:0,(anonymous_17)
FNDA:0,(anonymous_18)
DA:2,0
DA:5,0
DA:12,0
DA:16,0
DA:20,0
DA:24,0
DA:28,0
DA:29,0
DA:30,0
DA:31,0
DA:32,0
DA:37,0
DA:39,0
DA:46,0
DA:47,0
DA:48,0
DA:49,0
DA:54,0
DA:56,0
DA:60,0
DA:61,0
DA:62,0
DA:67,0
DA:68,0
DA:69,0
DA:70,0
DA:74,0
DA:79,0
DA:82,0
DA:85,0
DA:86,0
DA:87,0
DA:88,0
DA:89,0
DA:90,0
DA:92,0
DA:94,0
DA:98,0
DA:101,0
DA:102,0
DA:107,0
DA:108,0
DA:109,0
DA:110,0
DA:111,0
DA:113,0
DA:114,0
DA:115,0
DA:116,0
DA:119,0
DA:120,0
DA:121,0
DA:125,0
DA:126,0
DA:127,0
DA:130,0
DA:132,0
DA:133,0
DA:138,0
DA:139,0
DA:141,0
DA:142,0
DA:146,0
DA:154,0
DA:155,0
DA:157,0
DA:158,0
DA:160,0
DA:161,0
DA:163,0
DA:164,0
DA:165,0
DA:166,0
DA:167,0
DA:170,0
DA:171,0
DA:174,0
DA:175,0
DA:176,0
DA:178,0
DA:184,0
DA:185,0
DA:186,0
DA:188,0
DA:189,0
DA:190,0
DA:191,0
DA:192,0
DA:196,0
LF:89
LH:0
BRDA:32,0,0,0
BRDA:32,0,1,0
BRDA:65,1,0,0
BRDA:65,1,1,0
BRDA:68,2,0,0
BRDA:68,2,1,0
BRDA:89,3,0,0
BRDA:89,3,1,0
BRDA:111,4,0,0
BRDA:111,4,1,0
BRDA:111,5,0,0
BRDA:111,5,1,0
BRDA:119,6,0,0
BRDA:119,6,1,0
BRDA:146,7,0,0
BRDA:146,7,1,0
BRDA:160,8,0,0
BRDA:160,8,1,0
BRDA:171,9,0,0
BRDA:171,9,1,0
BRDA:175,10,0,0
BRDA:175,10,1,0
BRDA:185,11,0,0
BRDA:185,11,1,0
BRF:24
BRH:0
end_of_record
TN:
SF:src\App.tsx
FN:20,App
FNF:1
FNH:0
FNDA:0,App
DA:1,0
DA:2,0
DA:3,0
DA:4,0
DA:5,0
DA:6,0
DA:7,0
DA:8,0
DA:9,0
DA:10,0
DA:11,0
DA:12,0
DA:13,0
DA:14,0
DA:15,0
DA:16,0
DA:17,0
DA:18,0
DA:21,0
DA:43,0
LF:20
LH:0
BRF:0
BRH:0
end_of_record
TN:
SF:src\index.tsx
FNF:0
FNH:0
DA:1,0
DA:2,0
DA:3,0
DA:4,0
DA:5,0
DA:6,0
DA:7,0
DA:8,0
DA:9,0
DA:10,0
DA:12,0
DA:13,0
LF:12
LH:0
BRF:0
BRH:0
end_of_record
TN:
SF:src\setupProxy.js
FN:3,(anonymous_0)
FNF:1
FNH:0
FNDA:0,(anonymous_0)
DA:1,0
DA:3,0
DA:4,0
DA:12,0
LF:4
LH:0
BRF:0
BRH:0
end_of_record
TN:
SF:src\store.ts
FNF:0
FNH:0
DA:1,0
DA:2,0
DA:3,0
DA:4,0
DA:5,0
DA:6,0
DA:7,0
DA:9,0
DA:14,0
DA:18,0
DA:20,0
DA:29,0
DA:33,0
LF:13
LH:0
BRF:0
BRH:0
end_of_record
TN:
SF:src\api\useAxios.tsx
FN:18,(anonymous_14)
FN:23,(anonymous_15)
FN:23,(anonymous_16)
FN:26,(anonymous_18)
FN:29,(anonymous_19)
FN:33,(anonymous_20)
FN:38,(anonymous_21)
FN:42,(anonymous_22)
FNF:8
FNH:0
FNDA:0,(anonymous_14)
FNDA:0,(anonymous_15)
FNDA:0,(anonymous_16)
FNDA:0,(anonymous_18)
FNDA:0,(anonymous_19)
FNDA:0,(anonymous_20)
FNDA:0,(anonymous_21)
FNDA:0,(anonymous_22)
DA:1,2
DA:2,2
DA:4,2
DA:18,2
DA:19,0
DA:20,0
DA:21,0
DA:23,0
DA:24,0
DA:27,0
DA:30,0
DA:31,0
DA:34,0
DA:38,0
DA:39,0
DA:42,0
DA:43,0
DA:46,0
DA:49,2
LF:19
LH:5
BRDA:24,0,0,0
BRF:1
BRH:0
end_of_record
TN:
SF:src\api\useFetch.tsx
FN:3,(anonymous_14)
FN:4,(anonymous_15)
FN:4,(anonymous_16)
FN:35,(anonymous_18)
FN:36,(anonymous_19)
FN:36,(anonymous_20)
FNF:6
FNH:0
FNDA:0,(anonymous_14)
FNDA:0,(anonymous_15)
FNDA:0,(anonymous_16)
FNDA:0,(anonymous_18)
FNDA:0,(anonymous_19)
FNDA:0,(anonymous_20)
DA:1,2
DA:3,2
DA:4,0
DA:7,0
DA:8,0
DA:15,0
DA:19,0
DA:27,0
DA:28,0
DA:32,0
DA:35,2
DA:36,0
DA:37,0
DA:38,0
DA:44,0
DA:46,0
DA:50,0
DA:56,0
DA:59,0
DA:62,2
LF:20
LH:4
BRDA:7,0,0,0
BRDA:27,1,0,0
BRDA:37,2,0,0
BRF:3
BRH:0
end_of_record
TN:
SF:src\components\Button\RedButton\style.ts
FN:9,(anonymous_2)
FN:10,(anonymous_3)
FN:11,(anonymous_4)
FN:12,(anonymous_5)
FNF:4
FNH:0
FNDA:0,(anonymous_2)
FNDA:0,(anonymous_3)
FNDA:0,(anonymous_4)
FNDA:0,(anonymous_5)
DA:1,1
DA:3,1
DA:9,0
DA:10,0
DA:11,0
DA:12,0
LF:6
LH:2
BRDA:3,0,0,1
BRDA:3,0,1,1
BRF:2
BRH:2
end_of_record
TN:
SF:src\components\DetailView\DetailView.tsx
FN:13,DetailView
FNF:1
FNH:0
FNDA:0,DetailView
DA:1,0
DA:2,0
DA:3,0
DA:13,0
DA:15,0
DA:19,0
LF:6
LH:0
BRDA:15,0,0,0
BRDA:15,0,1,0
BRDA:15,1,0,0
BRDA:15,1,1,0
BRDA:15,2,0,0
BRDA:15,2,1,0
BRDA:15,3,0,0
BRDA:15,3,1,0
BRDA:15,4,0,0
BRDA:15,4,1,0
BRDA:15,5,0,0
BRDA:15,5,1,0
BRDA:16,6,0,0
BRDA:16,6,1,0
BRDA:16,7,0,0
BRDA:16,7,1,0
BRDA:16,8,0,0
BRDA:16,8,1,0
BRDA:16,9,0,0
BRDA:16,9,1,0
BRDA:23,10,0,0
BRDA:23,10,1,0
BRF:22
BRH:0
end_of_record
TN:
SF:src\components\DetailView\style.ts
FN:23,(anonymous_2)
FN:23,(anonymous_3)
FN:29,(anonymous_4)
FN:29,(anonymous_5)
FN:30,(anonymous_6)
FN:39,(anonymous_7)
FN:50,(anonymous_8)
FNF:7
FNH:0
FNDA:0,(anonymous_2)
FNDA:0,(anonymous_3)
FNDA:0,(anonymous_4)
FNDA:0,(anonymous_5)
FNDA:0,(anonymous_6)
FNDA:0,(anonymous_7)
FNDA:0,(anonymous_8)
DA:1,0
DA:2,0
DA:3,0
DA:4,0
DA:7,0
DA:11,0
DA:15,0
DA:20,0
DA:23,0
DA:26,0
DA:29,0
DA:30,0
DA:33,0
DA:39,0
DA:43,0
DA:49,0
DA:50,0
LF:17
LH:0
BRDA:7,0,0,0
BRDA:7,0,1,0
BRDA:11,1,0,0
BRDA:11,1,1,0
BRDA:15,2,0,0
BRDA:15,2,1,0
BRDA:20,3,0,0
BRDA:20,3,1,0
BRDA:26,4,0,0
BRDA:26,4,1,0
BRDA:33,5,0,0
BRDA:33,5,1,0
BRDA:43,6,0,0
BRDA:43,6,1,0
BRDA:49,7,0,0
BRDA:49,7,1,0
BRF:16
BRH:0
end_of_record
TN:
SF:src\components\Layout\MainLayout.jsx\style.ts
FNF:0
FNH:0
DA:1,2
DA:3,2
DA:9,2
LF:3
LH:3
BRDA:3,0,0,2
BRDA:3,0,1,2
BRDA:9,1,0,2
BRDA:9,1,1,2
BRF:4
BRH:4
end_of_record
TN:
SF:src\components\Modal\style.ts
FNF:0
FNH:0
DA:1,3
DA:3,3
LF:2
LH:2
BRDA:3,0,0,3
BRDA:3,0,1,3
BRF:2
BRH:2
end_of_record
TN:
SF:src\components\Navigation\Navigation.tsx
FN:6,Navigation
FN:9,(anonymous_2)
FNF:2
FNH:0
FNDA:0,Navigation
FNDA:0,(anonymous_2)
DA:1,4
DA:2,4
DA:3,4
DA:4,4
DA:6,4
DA:7,0
DA:9,0
DA:10,0
DA:13,0
DA:15,0
LF:10
LH:5
BRF:0
BRH:0
end_of_record
TN:
SF:src\components\Navigation\NavigationView.tsx
FN:13,NavigationView
FN:16,(anonymous_10)
FN:20,(anonymous_11)
FN:24,(anonymous_12)
FN:28,(anonymous_13)
FNF:5
FNH:0
FNDA:0,NavigationView
FNDA:0,(anonymous_10)
FNDA:0,(anonymous_11)
FNDA:0,(anonymous_12)
FNDA:0,(anonymous_13)
DA:1,4
DA:2,4
DA:3,4
DA:4,4
DA:5,4
DA:6,4
DA:13,4
DA:14,0
DA:16,0
DA:20,0
DA:24,0
DA:28,0
LF:12
LH:7
BRF:0
BRH:0
end_of_record
TN:
SF:src\components\Navigation\style.ts
FN:30,(anonymous_2)
FN:31,(anonymous_3)
FN:32,(anonymous_4)
FNF:3
FNH:0
FNDA:0,(anonymous_2)
FNDA:0,(anonymous_3)
FNDA:0,(anonymous_4)
DA:1,4
DA:3,4
DA:22,4
DA:29,4
DA:30,0
DA:31,0
DA:32,0
DA:35,4
DA:42,4
LF:9
LH:6
BRDA:3,0,0,4
BRDA:3,0,1,4
BRDA:22,1,0,4
BRDA:22,1,1,4
BRDA:29,2,0,4
BRDA:29,2,1,4
BRDA:35,3,0,4
BRDA:35,3,1,4
BRDA:42,4,0,4
BRDA:42,4,1,4
BRF:10
BRH:10
end_of_record
TN:
SF:src\constants\constants.tsx
FNF:0
FNH:0
DA:1,4
LF:1
LH:1
BRF:0
BRH:0
end_of_record
TN:
SF:src\hooks\useMoveLogin.tsx
FN:6,useMoveLogin
FN:7,(anonymous_1)
FN:13,(anonymous_2)
FNF:3
FNH:0
FNDA:0,useMoveLogin
FNDA:0,(anonymous_1)
FNDA:0,(anonymous_2)
DA:1,1
DA:3,1
DA:4,1
DA:6,1
DA:7,0
DA:8,0
DA:11,0
DA:13,0
DA:14,0
DA:15,0
LF:10
LH:4
BRDA:14,0,0,0
BRF:1
BRH:0
end_of_record
TN:
SF:src\pages\Combination\Combination.tsx
FN:9,Combination
FN:18,(anonymous_8)
FN:22,(anonymous_9)
FN:23,(anonymous_10)
FNF:4
FNH:0
FNDA:0,Combination
FNDA:0,(anonymous_8)
FNDA:0,(anonymous_9)
FNDA:0,(anonymous_10)
DA:1,0
DA:2,0
DA:3,0
DA:4,0
DA:5,0
DA:6,0
DA:7,0
DA:9,0
DA:10,0
DA:11,0
DA:12,0
DA:13,0
DA:14,0
DA:16,0
DA:17,0
DA:18,0
DA:19,0
DA:22,0
DA:23,0
DA:24,0
DA:28,0
LF:21
LH:0
BRF:0
BRH:0
end_of_record
TN:
SF:src\pages\Combination\CombinationView.tsx
FN:5,CombinationView
FNF:1
FNH:0
FNDA:0,CombinationView
DA:1,0
DA:2,0
DA:5,0
DA:6,0
LF:4
LH:0
BRF:0
BRH:0
end_of_record
TN:
SF:src\pages\Home\Home.tsx
FN:11,Home
FN:27,(anonymous_9)
FN:31,(anonymous_10)
FN:36,(anonymous_11)
FN:40,(anonymous_12)
FN:60,(anonymous_13)
FN:68,(anonymous_14)
FN:69,(anonymous_15)
FN:76,(anonymous_16)
FN:90,(anonymous_17)
FNF:10
FNH:0
FNDA:0,Home
FNDA:0,(anonymous_9)
FNDA:0,(anonymous_10)
FNDA:0,(anonymous_11)
FNDA:0,(anonymous_12)
FNDA:0,(anonymous_13)
FNDA:0,(anonymous_14)
FNDA:0,(anonymous_15)
FNDA:0,(anonymous_16)
FNDA:0,(anonymous_17)
DA:1,0
DA:2,0
DA:3,0
DA:4,0
DA:5,0
DA:6,0
DA:8,0
DA:9,0
DA:11,0
DA:12,0
DA:13,0
DA:14,0
DA:15,0
DA:16,0
DA:18,0
DA:19,0
DA:20,0
DA:21,0
DA:22,0
DA:23,0
DA:24,0
DA:26,0
DA:27,0
DA:28,0
DA:31,0
DA:32,0
DA:33,0
DA:36,0
DA:37,0
DA:40,0
DA:41,0
DA:44,0
DA:52,0
DA:53,0
DA:55,0
DA:60,0
DA:61,0
DA:62,0
DA:63,0
DA:64,0
DA:67,0
DA:68,0
DA:69,0
DA:70,0
DA:72,0
DA:75,0
DA:76,0
DA:77,0
DA:78,0
DA:80,0
DA:82,0
DA:83,0
DA:87,0
DA:91,0
DA:92,0
DA:93,0
DA:99,0
LF:57
LH:0
BRDA:52,0,0,0
BRDA:52,0,1,0
BRDA:52,1,0,0
BRDA:52,1,1,0
BRDA:61,2,0,0
BRDA:61,3,0,0
BRDA:61,3,1,0
BRDA:61,4,0,0
BRDA:61,4,1,0
BRDA:62,5,0,0
BRDA:62,5,1,0
BRDA:62,6,0,0
BRDA:62,6,1,0
BRDA:75,7,0,0
BRDA:77,8,0,0
BRDA:77,8,1,0
BRDA:91,9,0,0
BRF:17
BRH:0
end_of_record
TN:
SF:src\pages\Home\HomeView.tsx
FN:31,HomeView
FN:35,(anonymous_10)
FN:39,(anonymous_11)
FN:43,(anonymous_12)
FN:48,(anonymous_13)
FN:99,(anonymous_14)
FN:105,(anonymous_15)
FN:113,(anonymous_16)
FN:129,(anonymous_17)
FN:133,(anonymous_18)
FN:141,(anonymous_19)
FN:144,(anonymous_20)
FNF:12
FNH:0
FNDA:0,HomeView
FNDA:0,(anonymous_10)
FNDA:0,(anonymous_11)
FNDA:0,(anonymous_12)
FNDA:0,(anonymous_13)
FNDA:0,(anonymous_14)
FNDA:0,(anonymous_15)
FNDA:0,(anonymous_16)
FNDA:0,(anonymous_17)
FNDA:0,(anonymous_18)
FNDA:0,(anonymous_19)
FNDA:0,(anonymous_20)
DA:1,0
DA:2,0
DA:3,0
DA:5,0
DA:6,0
DA:7,0
DA:8,0
DA:9,0
DA:10,0
DA:11,0
DA:12,0
DA:13,0
DA:31,0
DA:32,0
DA:33,0
DA:34,0
DA:35,0
DA:36,0
DA:39,0
DA:40,0
DA:43,0
DA:44,0
DA:47,0
DA:49,0
DA:53,0
DA:100,0
DA:106,0
DA:114,0
DA:130,0
DA:134,0
DA:142,0
DA:145,0
LF:32
LH:0
BRDA:33,0,0,0
BRDA:33,0,1,0
BRDA:33,1,0,0
BRDA:33,1,1,0
BRDA:49,2,0,0
BRDA:49,2,1,0
BRDA:55,3,0,0
BRDA:55,3,1,0
BRDA:55,4,0,0
BRDA:55,4,1,0
BRDA:55,5,0,0
BRDA:55,5,1,0
BRDA:55,6,0,0
BRDA:55,6,1,0
BRDA:60,7,0,0
BRDA:60,7,1,0
BRDA:62,8,0,0
BRDA:62,8,1,0
BRDA:72,9,0,0
BRDA:72,9,1,0
BRDA:84,10,0,0
BRDA:84,10,1,0
BRDA:109,11,0,0
BRDA:109,11,1,0
BRDA:109,12,0,0
BRDA:109,12,1,0
BRDA:128,13,0,0
BRDA:128,13,1,0
BRDA:132,14,0,0
BRDA:132,14,1,0
BRDA:132,15,0,0
BRDA:132,15,1,0
BRDA:132,16,0,0
BRDA:132,16,1,0
BRDA:132,17,0,0
BRDA:132,17,1,0
BRF:36
BRH:0
end_of_record
TN:
SF:src\pages\Home\LoginUserTasteView.tsx
FN:11,LoginUserTasteView
FN:15,(anonymous_8)
FN:20,(anonymous_9)
FN:28,(anonymous_10)
FNF:4
FNH:0
FNDA:0,LoginUserTasteView
FNDA:0,(anonymous_8)
FNDA:0,(anonymous_9)
FNDA:0,(anonymous_10)
DA:1,0
DA:2,0
DA:3,0
DA:11,0
DA:12,0
DA:16,0
DA:21,0
DA:29,0
LF:8
LH:0
BRDA:14,0,0,0
BRDA:14,0,1,0
BRDA:18,1,0,0
BRDA:18,1,1,0
BRDA:18,2,0,0
BRDA:18,2,1,0
BRDA:18,3,0,0
BRDA:18,3,1,0
BRDA:18,4,0,0
BRDA:18,4,1,0
BRDA:27,5,0,0
BRDA:27,5,1,0
BRF:12
BRH:0
end_of_record
TN:
SF:src\pages\Home\NonLoginUserView.tsx
FN:10,NonLoginUserView
FN:19,(anonymous_8)
FN:31,(anonymous_9)
FNF:3
FNH:0
FNDA:0,NonLoginUserView
FNDA:0,(anonymous_8)
FNDA:0,(anonymous_9)
DA:1,0
DA:2,0
DA:10,0
DA:11,0
DA:12,0
DA:20,0
DA:32,0
LF:7
LH:0
BRDA:14,0,0,0
BRDA:14,0,1,0
BRF:2
BRH:0
end_of_record
TN:
SF:src\pages\Home\StartModal.tsx
FN:12,StartModal
FNF:1
FNH:0
FNDA:0,StartModal
DA:1,0
DA:2,0
DA:3,0
DA:4,0
DA:5,0
DA:12,0
DA:13,0
LF:7
LH:0
BRF:0
BRH:0
end_of_record
TN:
SF:src\pages\Home\style.ts
FN:17,(anonymous_8)
FN:36,(anonymous_9)
FN:46,(anonymous_10)
FN:47,(anonymous_11)
FN:51,(anonymous_12)
FN:64,(anonymous_13)
FN:91,(anonymous_14)
FN:110,(anonymous_15)
FN:111,(anonymous_16)
FN:118,(anonymous_17)
FN:119,(anonymous_18)
FN:127,(anonymous_19)
FN:135,(anonymous_20)
FN:144,(anonymous_21)
FNF:14
FNH:0
FNDA:0,(anonymous_8)
FNDA:0,(anonymous_9)
FNDA:0,(anonymous_10)
FNDA:0,(anonymous_11)
FNDA:0,(anonymous_12)
FNDA:0,(anonymous_13)
FNDA:0,(anonymous_14)
FNDA:0,(anonymous_15)
FNDA:0,(anonymous_16)
FNDA:0,(anonymous_17)
FNDA:0,(anonymous_18)
FNDA:0,(anonymous_19)
FNDA:0,(anonymous_20)
FNDA:0,(anonymous_21)
DA:1,0
DA:2,0
DA:4,0
DA:10,0
DA:17,0
DA:31,0
DA:36,0
DA:40,0
DA:45,0
DA:46,0
DA:47,0
DA:50,0
DA:51,0
DA:55,0
DA:64,0
DA:75,0
DA:81,0
DA:85,0
DA:91,0
DA:95,0
DA:102,0
DA:107,0
DA:110,0
DA:111,0
DA:115,0
DA:118,0
DA:119,0
DA:123,0
DA:127,0
DA:131,0
DA:135,0
DA:139,0
DA:144,0
DA:148,0
DA:153,0
DA:159,0
DA:165,0
DA:171,0
LF:38
LH:0
BRDA:4,0,0,0
BRDA:4,0,1,0
BRDA:10,1,0,0
BRDA:10,1,1,0
BRDA:31,2,0,0
BRDA:31,2,1,0
BRDA:40,3,0,0
BRDA:40,3,1,0
BRDA:45,4,0,0
BRDA:45,4,1,0
BRDA:50,5,0,0
BRDA:50,5,1,0
BRDA:55,6,0,0
BRDA:55,6,1,0
BRDA:64,7,0,0
BRDA:64,7,1,0
BRDA:75,8,0,0
BRDA:75,8,1,0
BRDA:81,9,0,0
BRDA:81,9,1,0
BRDA:85,10,0,0
BRDA:85,10,1,0
BRDA:91,11,0,0
BRDA:91,11,1,0
BRDA:95,12,0,0
BRDA:95,12,1,0
BRDA:102,13,0,0
BRDA:102,13,1,0
BRDA:107,14,0,0
BRDA:107,14,1,0
BRDA:115,15,0,0
BRDA:115,15,1,0
BRDA:123,16,0,0
BRDA:123,16,1,0
BRDA:131,17,0,0
BRDA:131,17,1,0
BRDA:139,18,0,0
BRDA:139,18,1,0
BRDA:148,19,0,0
BRDA:148,19,1,0
BRDA:153,20,0,0
BRDA:153,20,1,0
BRDA:159,21,0,0
BRDA:159,21,1,0
BRDA:165,22,0,0
BRDA:165,22,1,0
BRDA:171,23,0,0
BRDA:171,23,1,0
BRF:48
BRH:0
end_of_record
TN:
SF:src\pages\Loaded\Loaded.tsx
FN:14,Loaded
FN:21,(anonymous_8)
FN:24,(anonymous_9)
FN:29,(anonymous_10)
FN:34,(anonymous_11)
FN:38,(anonymous_12)
FN:48,(anonymous_13)
FN:50,(anonymous_14)
FN:55,(anonymous_15)
FN:62,(anonymous_16)
FN:69,(anonymous_17)
FN:76,(anonymous_18)
FNF:12
FNH:0
FNDA:0,Loaded
FNDA:0,(anonymous_8)
FNDA:0,(anonymous_9)
FNDA:0,(anonymous_10)
FNDA:0,(anonymous_11)
FNDA:0,(anonymous_12)
FNDA:0,(anonymous_13)
FNDA:0,(anonymous_14)
FNDA:0,(anonymous_15)
FNDA:0,(anonymous_16)
FNDA:0,(anonymous_17)
FNDA:0,(anonymous_18)
DA:1,0
DA:2,0
DA:3,0
DA:4,0
DA:5,0
DA:6,0
DA:8,0
DA:9,0
DA:10,0
DA:12,0
DA:14,0
DA:15,0
DA:16,0
DA:17,0
DA:18,0
DA:19,0
DA:21,0
DA:22,0
DA:24,0
DA:25,0
DA:27,0
DA:29,0
DA:30,0
DA:31,0
DA:34,0
DA:35,0
DA:38,0
DA:39,0
DA:42,0
DA:44,0
DA:45,0
DA:48,0
DA:49,0
DA:50,0
DA:51,0
DA:52,0
DA:55,0
DA:56,0
DA:57,0
DA:62,0
DA:63,0
DA:64,0
DA:66,0
DA:69,0
DA:70,0
DA:71,0
DA:73,0
DA:76,0
DA:77,0
DA:78,0
DA:80,0
DA:83,0
LF:52
LH:0
BRDA:49,0,0,0
BRDA:49,0,1,0
BRDA:63,1,0,0
BRDA:70,2,0,0
BRDA:70,3,0,0
BRDA:70,3,1,0
BRDA:70,4,0,0
BRDA:70,4,1,0
BRDA:77,5,0,0
BRDA:77,6,0,0
BRDA:77,6,1,0
BRDA:77,7,0,0
BRDA:77,7,1,0
BRDA:85,8,0,0
BRDA:85,8,1,0
BRF:15
BRH:0
end_of_record
TN:
SF:src\pages\Loaded\style.ts
FN:13,(anonymous_2)
FN:40,(anonymous_3)
FN:64,(anonymous_4)
FNF:3
FNH:0
FNDA:0,(anonymous_2)
FNDA:0,(anonymous_3)
FNDA:0,(anonymous_4)
DA:1,1
DA:2,1
DA:4,1
DA:10,1
DA:13,0
DA:19,1
DA:26,1
DA:33,1
DA:40,0
DA:49,1
DA:56,1
DA:63,1
DA:64,0
DA:69,1
LF:14
LH:11
BRDA:4,0,0,1
BRDA:4,0,1,1
BRDA:10,1,0,1
BRDA:10,1,1,1
BRDA:19,2,0,1
BRDA:19,2,1,1
BRDA:26,3,0,1
BRDA:26,3,1,1
BRDA:33,4,0,1
BRDA:33,4,1,1
BRDA:49,5,0,1
BRDA:49,5,1,1
BRDA:56,6,0,1
BRDA:56,6,1,1
BRDA:63,7,0,1
BRDA:63,7,1,1
BRDA:69,8,0,1
BRDA:69,8,1,1
BRF:18
BRH:18
end_of_record
TN:
SF:src\pages\Loaded\Modal\style.ts
FN:10,(anonymous_2)
FN:18,(anonymous_3)
FN:40,(anonymous_4)
FN:41,(anonymous_5)
FN:42,(anonymous_6)
FN:43,(anonymous_7)
FN:47,(anonymous_8)
FN:48,(anonymous_9)
FNF:8
FNH:0
FNDA:0,(anonymous_2)
FNDA:0,(anonymous_3)
FNDA:0,(anonymous_4)
FNDA:0,(anonymous_5)
FNDA:0,(anonymous_6)
FNDA:0,(anonymous_7)
FNDA:0,(anonymous_8)
FNDA:0,(anonymous_9)
DA:1,1
DA:2,1
DA:4,1
DA:10,0
DA:15,1
DA:18,0
DA:25,1
DA:32,1
DA:36,1
DA:40,0
DA:41,0
DA:42,0
DA:43,0
DA:46,1
DA:47,0
DA:48,0
LF:16
LH:8
BRDA:4,0,0,1
BRDA:4,0,1,1
BRDA:15,1,0,1
BRDA:15,1,1,1
BRDA:25,2,0,1
BRDA:25,2,1,1
BRDA:32,3,0,1
BRDA:32,3,1,1
BRDA:36,4,0,1
BRDA:36,4,1,1
BRDA:46,5,0,1
BRDA:46,5,1,1
BRF:12
BRH:12
end_of_record
TN:
SF:src\pages\Loaded\Modal\view\ModalView.tsx
FN:16,ModalView
FNF:1
FNH:0
FNDA:0,ModalView
DA:1,1
DA:2,1
DA:3,1
DA:5,1
DA:16,1
DA:17,0
LF:6
LH:5
BRDA:22,0,0,0
BRDA:22,0,1,0
BRDA:23,1,0,0
BRDA:23,1,1,0
BRDA:28,2,0,0
BRDA:28,2,1,0
BRF:6
BRH:0
end_of_record
TN:
SF:src\pages\Loading\Loading.tsx
FN:15,Loading
FN:26,(anonymous_8)
FNF:2
FNH:0
FNDA:0,Loading
FNDA:0,(anonymous_8)
DA:1,0
DA:2,0
DA:3,0
DA:4,0
DA:5,0
DA:6,0
DA:15,0
DA:16,0
DA:18,0
DA:26,0
DA:27,0
DA:30,0
LF:12
LH:0
BRDA:34,0,0,0
BRDA:34,0,1,0
BRDA:34,1,0,0
BRDA:34,1,1,0
BRF:4
BRH:0
end_of_record
TN:
SF:src\pages\Loading\LoadingView.tsx
FN:6,LoadingView
FNF:1
FNH:0
FNDA:0,LoadingView
DA:1,0
DA:2,0
DA:3,0
DA:6,0
DA:7,0
LF:5
LH:0
BRF:0
BRH:0
end_of_record
TN:
SF:src\pages\Loading\style.ts
FN:22,(anonymous_2)
FN:31,(anonymous_3)
FN:32,(anonymous_4)
FN:39,(anonymous_5)
FN:46,(anonymous_6)
FN:47,(anonymous_7)
FNF:6
FNH:0
FNDA:0,(anonymous_2)
FNDA:0,(anonymous_3)
FNDA:0,(anonymous_4)
FNDA:0,(anonymous_5)
FNDA:0,(anonymous_6)
FNDA:0,(anonymous_7)
DA:1,0
DA:3,0
DA:12,0
DA:20,0
DA:22,0
DA:28,0
DA:31,0
DA:32,0
DA:36,0
DA:39,0
DA:42,0
DA:46,0
DA:47,0
LF:13
LH:0
BRDA:3,0,0,0
BRDA:3,0,1,0
BRDA:12,1,0,0
BRDA:12,1,1,0
BRDA:20,2,0,0
BRDA:20,2,1,0
BRDA:28,3,0,0
BRDA:28,3,1,0
BRDA:36,4,0,0
BRDA:36,4,1,0
BRDA:42,5,0,0
BRDA:42,5,1,0
BRF:12
BRH:0
end_of_record
TN:
SF:src\pages\LockedTitle\LockedTitle.tsx
FN:11,LockedTitle
FN:12,(anonymous_8)
FN:19,(anonymous_9)
FN:23,(anonymous_10)
FN:29,(anonymous_11)
FN:30,(anonymous_12)
FNF:6
FNH:0
FNDA:0,LockedTitle
FNDA:0,(anonymous_8)
FNDA:0,(anonymous_9)
FNDA:0,(anonymous_10)
FNDA:0,(anonymous_11)
FNDA:0,(anonymous_12)
DA:1,0
DA:2,0
DA:3,0
DA:4,0
DA:5,0
DA:6,0
DA:8,0
DA:9,0
DA:11,0
DA:12,0
DA:13,0
DA:16,0
DA:17,0
DA:18,0
DA:19,0
DA:20,0
DA:23,0
DA:24,0
DA:27,0
DA:29,0
DA:30,0
DA:31,0
DA:35,0
LF:23
LH:0
BRF:0
BRH:0
end_of_record
TN:
SF:src\pages\LockedTitle\LockedTitleView.tsx
FN:17,LockedTitleView
FN:31,(anonymous_10)
FNF:2
FNH:1
FNDA:17,LockedTitleView
FNDA:0,(anonymous_10)
DA:1,1
DA:3,1
DA:4,1
DA:5,1
DA:6,1
DA:7,1
DA:17,18
DA:18,17
DA:32,0
LF:9
LH:8
BRDA:31,0,0,0
BRDA:31,0,1,4
BRDA:31,1,0,4
BRDA:31,1,1,4
BRF:4
BRH:3
end_of_record
TN:
SF:src\pages\LockedTitle\style.ts
FNF:0
FNH:0
DA:1,1
DA:2,1
DA:3,1
DA:4,1
DA:6,1
DA:20,1
DA:24,1
DA:33,1
DA:39,1
DA:54,1
DA:58,1
DA:69,1
DA:75,1
LF:13
LH:13
BRDA:6,0,0,1
BRDA:6,0,1,1
BRDA:20,1,0,1
BRDA:20,1,1,1
BRDA:24,2,0,1
BRDA:24,2,1,1
BRDA:33,3,0,1
BRDA:33,3,1,1
BRDA:39,4,0,1
BRDA:39,4,1,1
BRDA:54,5,0,1
BRDA:54,5,1,1
BRDA:58,6,0,1
BRDA:58,6,1,1
BRDA:69,7,0,1
BRDA:69,7,1,1
BRDA:75,8,0,1
BRDA:75,8,1,1
BRF:18
BRH:18
end_of_record
TN:
SF:src\pages\MyPage\EachList.tsx
FN:17,EachList
FN:23,(anonymous_21)
FN:27,(anonymous_22)
FN:34,(anonymous_23)
FN:38,(anonymous_24)
FN:42,(anonymous_25)
FN:49,(anonymous_26)
FN:58,(anonymous_27)
FN:62,(anonymous_30)
FN:68,(anonymous_31)
FN:72,(anonymous_32)
FN:75,(anonymous_33)
FNF:12
FNH:0
FNDA:0,EachList
FNDA:0,(anonymous_21)
FNDA:0,(anonymous_22)
FNDA:0,(anonymous_23)
FNDA:0,(anonymous_24)
FNDA:0,(anonymous_25)
FNDA:0,(anonymous_26)
FNDA:0,(anonymous_27)
FNDA:0,(anonymous_30)
FNDA:0,(anonymous_31)
FNDA:0,(anonymous_32)
FNDA:0,(anonymous_33)
DA:1,1
DA:2,1
DA:3,1
DA:5,1
DA:6,1
DA:7,1
DA:9,1
DA:17,1
DA:18,0
DA:19,0
DA:20,0
DA:21,0
DA:22,0
DA:23,0
DA:24,0
DA:27,0
DA:28,0
DA:29,0
DA:31,0
DA:34,0
DA:35,0
DA:38,0
DA:39,0
DA:42,0
DA:43,0
DA:46,0
DA:47,0
DA:49,0
DA:50,0
DA:51,0
DA:53,0
DA:54,0
DA:58,0
DA:59,0
DA:63,0
DA:64,0
DA:68,0
DA:69,0
DA:72,0
DA:73,0
DA:75,0
DA:76,0
DA:80,0
LF:43
LH:8
BRDA:28,0,0,0
BRDA:50,1,0,0
BRDA:50,2,0,0
BRDA:50,2,1,0
BRDA:50,2,2,0
BRDA:53,3,0,0
BRDA:53,4,0,0
BRDA:53,4,1,0
BRDA:59,5,0,0
BRF:9
BRH:0
end_of_record
TN:
SF:src\pages\MyPage\MyPage.tsx
FN:11,MyPage
FN:12,(anonymous_8)
FN:24,(anonymous_9)
FN:27,(anonymous_10)
FN:31,(anonymous_11)
FN:37,(anonymous_12)
FN:39,(anonymous_13)
FN:42,(anonymous_14)
FN:49,(anonymous_15)
FN:53,(anonymous_16)
FNF:10
FNH:0
FNDA:0,MyPage
FNDA:0,(anonymous_8)
FNDA:0,(anonymous_9)
FNDA:0,(anonymous_10)
FNDA:0,(anonymous_11)
FNDA:0,(anonymous_12)
FNDA:0,(anonymous_13)
FNDA:0,(anonymous_14)
FNDA:0,(anonymous_15)
FNDA:0,(anonymous_16)
DA:1,0
DA:2,0
DA:3,0
DA:4,0
DA:5,0
DA:6,0
DA:7,0
DA:9,0
DA:11,0
DA:12,0
DA:13,0
DA:16,0
DA:17,0
DA:18,0
DA:19,0
DA:20,0
DA:21,0
DA:22,0
DA:24,0
DA:25,0
DA:27,0
DA:28,0
DA:31,0
DA:32,0
DA:35,0
DA:37,0
DA:38,0
DA:40,0
DA:43,0
DA:46,0
DA:50,0
DA:53,0
DA:54,0
DA:58,0
LF:34
LH:0
BRF:0
BRH:0
end_of_record
TN:
SF:src\pages\MyPage\ReviewList.tsx
FN:8,ReviewList
FNF:1
FNH:0
FNDA:0,ReviewList
DA:1,1
DA:2,1
DA:8,1
DA:9,0
LF:4
LH:3
BRF:0
BRH:0
end_of_record
TN:
SF:src\pages\MyPage\style.ts
FN:46,(anonymous_2)
FN:47,(anonymous_3)
FN:48,(anonymous_4)
FN:105,(anonymous_5)
FN:112,(anonymous_6)
FN:129,(anonymous_7)
FN:141,(anonymous_8)
FN:154,(anonymous_9)
FN:175,(anonymous_10)
FN:182,(anonymous_11)
FN:184,(anonymous_12)
FN:190,(anonymous_13)
FNF:12
FNH:0
FNDA:0,(anonymous_2)
FNDA:0,(anonymous_3)
FNDA:0,(anonymous_4)
FNDA:0,(anonymous_5)
FNDA:0,(anonymous_6)
FNDA:0,(anonymous_7)
FNDA:0,(anonymous_8)
FNDA:0,(anonymous_9)
FNDA:0,(anonymous_10)
FNDA:0,(anonymous_11)
FNDA:0,(anonymous_12)
FNDA:0,(anonymous_13)
DA:1,2
DA:2,2
DA:3,2
DA:4,2
DA:6,2
DA:13,2
DA:23,2
DA:27,2
DA:35,2
DA:46,0
DA:47,0
DA:48,0
DA:52,2
DA:60,2
DA:66,2
DA:78,2
DA:87,2
DA:94,2
DA:100,2
DA:105,0
DA:108,2
DA:112,0
DA:115,2
DA:121,2
DA:127,2
DA:129,0
DA:135,2
DA:141,0
DA:146,2
DA:152,2
DA:154,0
DA:160,2
DA:166,2
DA:175,0
DA:179,2
DA:182,0
DA:184,0
DA:187,2
DA:190,0
LF:39
LH:27
BRDA:6,0,0,2
BRDA:6,0,1,2
BRDA:13,1,0,2
BRDA:13,1,1,2
BRDA:23,2,0,2
BRDA:23,2,1,2
BRDA:27,3,0,2
BRDA:27,3,1,2
BRDA:35,4,0,2
BRDA:35,4,1,2
BRDA:46,5,0,0
BRDA:46,5,1,0
BRDA:52,6,0,2
BRDA:52,6,1,2
BRDA:60,7,0,2
BRDA:60,7,1,2
BRDA:66,8,0,2
BRDA:66,8,1,2
BRDA:78,9,0,2
BRDA:78,9,1,2
BRDA:87,10,0,2
BRDA:87,10,1,2
BRDA:94,11,0,2
BRDA:94,11,1,2
BRDA:100,12,0,2
BRDA:100,12,1,2
BRDA:105,13,0,0
BRDA:105,13,1,0
BRDA:108,14,0,2
BRDA:108,14,1,2
BRDA:115,15,0,2
BRDA:115,15,1,2
BRDA:121,16,0,2
BRDA:121,16,1,2
BRDA:127,17,0,2
BRDA:127,17,1,2
BRDA:135,18,0,2
BRDA:135,18,1,2
BRDA:141,19,0,0
BRDA:141,19,1,0
BRDA:146,20,0,2
BRDA:146,20,1,2
BRDA:152,21,0,2
BRDA:152,21,1,2
BRDA:160,22,0,2
BRDA:160,22,1,2
BRDA:166,23,0,2
BRDA:166,23,1,2
BRDA:179,24,0,2
BRDA:179,24,1,2
BRDA:187,25,0,2
BRDA:187,25,1,2
BRF:52
BRH:46
end_of_record
TN:
SF:src\pages\MyPage\view\EachListView.tsx
FN:31,EachListView
FNF:1
FNH:0
FNDA:0,EachListView
DA:1,1
DA:2,1
DA:3,1
DA:5,1
DA:6,1
DA:7,1
DA:9,1
DA:31,1
DA:32,0
LF:9
LH:8
BRDA:33,0,0,0
BRDA:33,0,1,0
BRDA:36,1,0,0
BRDA:36,1,1,0
BRDA:36,2,0,0
BRDA:36,2,1,0
BRDA:40,3,0,0
BRDA:40,3,1,0
BRDA:45,4,0,0
BRDA:45,4,1,0
BRDA:51,5,0,0
BRDA:51,5,1,0
BRDA:54,6,0,0
BRDA:54,6,1,0
BRF:14
BRH:0
end_of_record
TN:
SF:src\pages\MyPage\view\IconView.tsx
FN:14,IconView
FNF:1
FNH:0
FNDA:0,IconView
DA:1,1
DA:2,1
DA:3,1
DA:5,1
DA:6,1
DA:7,1
DA:14,1
DA:15,0
LF:8
LH:7
BRF:0
BRH:0
end_of_record
TN:
SF:src\pages\MyPage\view\MyPageView.tsx
FN:26,MyPageView
FNF:1
FNH:0
FNDA:0,MyPageView
DA:1,1
DA:2,1
DA:3,1
DA:4,1
DA:5,1
DA:6,1
DA:26,1
DA:27,0
LF:8
LH:7
BRDA:42,0,0,0
BRDA:42,0,1,0
BRDA:44,1,0,0
BRDA:44,1,1,0
BRF:4
BRH:0
end_of_record
TN:
SF:src\pages\MyPage\view\NonDataView.tsx
FN:14,NonDataView
FNF:1
FNH:0
FNDA:0,NonDataView
DA:1,1
DA:2,1
DA:3,1
DA:14,1
DA:15,0
LF:5
LH:4
BRF:0
BRH:0
end_of_record
TN:
SF:src\pages\MyPage\view\ReviewListView.tsx
FN:20,ReviewListView
FN:23,(anonymous_8)
FNF:2
FNH:0
FNDA:0,ReviewListView
FNDA:0,(anonymous_8)
DA:1,1
DA:2,1
DA:3,1
DA:20,1
DA:21,0
DA:24,0
LF:6
LH:4
BRF:0
BRH:0
end_of_record
TN:
SF:src\pages\MyTaste\MyTaste.tsx
FN:9,MyTaste
FN:16,(anonymous_8)
FN:21,(anonymous_9)
FN:22,(anonymous_10)
FNF:4
FNH:0
FNDA:0,MyTaste
FNDA:0,(anonymous_8)
FNDA:0,(anonymous_9)
FNDA:0,(anonymous_10)
DA:1,0
DA:2,0
DA:3,0
DA:4,0
DA:5,0
DA:6,0
DA:7,0
DA:9,0
DA:10,0
DA:12,0
DA:13,0
DA:14,0
DA:15,0
DA:16,0
DA:17,0
DA:20,0
DA:21,0
DA:22,0
DA:23,0
DA:27,0
LF:20
LH:0
BRF:0
BRH:0
end_of_record
TN:
SF:src\pages\MyTaste\MyTasteView.tsx
FN:13,MyTasteView
FNF:1
FNH:0
FNDA:0,MyTasteView
DA:1,0
DA:2,0
DA:3,0
DA:4,0
DA:13,0
DA:14,0
LF:6
LH:0
BRDA:18,0,0,0
BRDA:18,0,1,0
BRF:2
BRH:0
end_of_record
TN:
SF:src\pages\PickTypes\EachList.tsx
FN:14,EachList
FN:16,(anonymous_8)
FN:20,(anonymous_9)
FN:25,isHiddenOptions
FN:37,isBlockLayout
FNF:5
FNH:0
FNDA:0,EachList
FNDA:0,(anonymous_8)
FNDA:0,(anonymous_9)
FNDA:0,isHiddenOptions
FNDA:0,isBlockLayout
DA:1,0
DA:2,0
DA:3,0
DA:14,0
DA:15,0
DA:16,0
DA:17,0
DA:20,0
DA:21,0
DA:26,0
DA:27,0
DA:31,0
DA:33,0
DA:38,0
DA:39,0
DA:41,0
DA:44,0
LF:17
LH:0
BRDA:17,0,0,0
BRDA:17,0,1,0
BRDA:17,1,0,0
BRDA:17,1,1,0
BRDA:27,2,0,0
BRDA:28,3,0,0
BRDA:28,3,1,0
BRDA:28,3,2,0
BRDA:28,3,3,0
BRDA:38,4,0,0
BRF:10
BRH:0
end_of_record
TN:
SF:src\pages\PickTypes\PickTypes.tsx
FN:25,PickTypes
FN:26,(anonymous_10)
FN:30,(anonymous_11)
FN:34,(anonymous_12)
FN:36,(anonymous_13)
FN:38,(anonymous_14)
FN:41,(anonymous_15)
FN:57,(anonymous_16)
FN:61,(anonymous_17)
FNF:9
FNH:0
FNDA:0,PickTypes
FNDA:0,(anonymous_10)
FNDA:0,(anonymous_11)
FNDA:0,(anonymous_12)
FNDA:0,(anonymous_13)
FNDA:0,(anonymous_14)
FNDA:0,(anonymous_15)
FNDA:0,(anonymous_16)
FNDA:0,(anonymous_17)
DA:1,0
DA:2,0
DA:3,0
DA:4,0
DA:5,0
DA:6,0
DA:8,0
DA:9,0
DA:25,0
DA:26,0
DA:27,0
DA:30,0
DA:31,0
DA:34,0
DA:35,0
DA:36,0
DA:38,0
DA:39,0
DA:42,0
DA:51,0
DA:54,0
DA:55,0
DA:57,0
DA:58,0
DA:61,0
DA:62,0
DA:65,0
LF:27
LH:0
BRF:0
BRH:0
end_of_record
TN:
SF:src\pages\PickTypes\PickTypesButton.tsx
FN:14,PickTypesButton
FN:17,(anonymous_2)
FN:21,(anonymous_3)
FN:26,checkInUserPick
FN:36,isButtonSelected
FNF:5
FNH:0
FNDA:0,PickTypesButton
FNDA:0,(anonymous_2)
FNDA:0,(anonymous_3)
FNDA:0,checkInUserPick
FNDA:0,isButtonSelected
DA:1,0
DA:4,0
DA:5,0
DA:6,0
DA:14,0
DA:15,0
DA:17,0
DA:18,0
DA:21,0
DA:22,0
DA:27,0
DA:28,0
DA:29,0
DA:32,0
DA:37,0
DA:38,0
DA:40,0
DA:43,0
LF:18
LH:0
BRDA:28,0,0,0
BRDA:37,1,0,0
BRF:2
BRH:0
end_of_record
TN:
SF:src\pages\PickTypes\PickTypesList.tsx
FN:10,PickTypesList
FN:25,(anonymous_8)
FN:27,(anonymous_9)
FN:33,createNewAnswerList
FN:34,(anonymous_11)
FNF:5
FNH:0
FNDA:0,PickTypesList
FNDA:0,(anonymous_8)
FNDA:0,(anonymous_9)
FNDA:0,createNewAnswerList
FNDA:0,(anonymous_11)
DA:1,0
DA:3,0
DA:4,0
DA:10,0
DA:11,0
DA:13,0
DA:21,0
DA:22,0
DA:25,0
DA:26,0
DA:27,0
DA:29,0
DA:34,0
DA:35,0
DA:36,0
DA:38,0
DA:41,0
LF:17
LH:0
BRDA:21,0,0,0
BRDA:21,0,1,0
BRDA:21,1,0,0
BRDA:21,1,1,0
BRDA:22,2,0,0
BRDA:22,2,1,0
BRDA:22,3,0,0
BRDA:22,3,1,0
BRDA:27,4,0,0
BRDA:27,4,1,0
BRDA:34,5,0,0
BRDA:34,5,1,0
BRDA:34,6,0,0
BRDA:34,6,1,0
BRF:14
BRH:0
end_of_record
TN:
SF:src\pages\PickTypes\style.ts
FN:16,(anonymous_2)
FN:20,(anonymous_3)
FN:32,(anonymous_4)
FN:50,(anonymous_5)
FN:51,(anonymous_6)
FN:52,(anonymous_7)
FN:53,(anonymous_8)
FN:65,(anonymous_9)
FN:66,(anonymous_10)
FN:73,(anonymous_11)
FN:74,(anonymous_12)
FN:75,(anonymous_13)
FN:76,(anonymous_14)
FN:82,(anonymous_15)
FN:83,(anonymous_16)
FN:92,(anonymous_17)
FN:114,(anonymous_18)
FN:118,(anonymous_19)
FNF:18
FNH:0
FNDA:0,(anonymous_2)
FNDA:0,(anonymous_3)
FNDA:0,(anonymous_4)
FNDA:0,(anonymous_5)
FNDA:0,(anonymous_6)
FNDA:0,(anonymous_7)
FNDA:0,(anonymous_8)
FNDA:0,(anonymous_9)
FNDA:0,(anonymous_10)
FNDA:0,(anonymous_11)
FNDA:0,(anonymous_12)
FNDA:0,(anonymous_13)
FNDA:0,(anonymous_14)
FNDA:0,(anonymous_15)
FNDA:0,(anonymous_16)
FNDA:0,(anonymous_17)
FNDA:0,(anonymous_18)
FNDA:0,(anonymous_19)
DA:1,3
DA:3,3
DA:16,0
DA:20,0
DA:24,3
DA:29,3
DA:32,0
DA:37,3
DA:42,3
DA:46,3
DA:50,0
DA:51,0
DA:52,0
DA:53,0
DA:58,3
DA:64,3
DA:65,0
DA:66,0
DA:70,3
DA:73,0
DA:74,0
DA:75,0
DA:76,0
DA:81,3
DA:82,0
DA:83,0
DA:86,3
DA:91,3
DA:92,0
DA:96,3
DA:103,3
DA:114,0
DA:118,0
DA:122,3
LF:34
LH:16
BRDA:3,0,0,3
BRDA:3,0,1,3
BRDA:24,1,0,3
BRDA:24,1,1,3
BRDA:29,2,0,3
BRDA:29,2,1,3
BRDA:37,3,0,3
BRDA:37,3,1,3
BRDA:42,4,0,3
BRDA:42,4,1,3
BRDA:46,5,0,3
BRDA:46,5,1,3
BRDA:58,6,0,3
BRDA:58,6,1,3
BRDA:64,7,0,3
BRDA:64,7,1,3
BRDA:70,8,0,3
BRDA:70,8,1,3
BRDA:81,9,0,3
BRDA:81,9,1,3
BRDA:86,10,0,3
BRDA:86,10,1,3
BRDA:91,11,0,3
BRDA:91,11,1,3
BRDA:96,12,0,3
BRDA:96,12,1,3
BRDA:103,13,0,3
BRDA:103,13,1,3
BRDA:122,14,0,3
BRDA:122,14,1,3
BRF:30
BRH:30
end_of_record
TN:
SF:src\pages\Popup\Popup.tsx
FN:15,Popup
FN:19,(anonymous_8)
FN:23,(anonymous_9)
FN:35,(anonymous_10)
FN:39,(anonymous_11)
FN:41,(anonymous_12)
FN:46,(anonymous_13)
FNF:7
FNH:0
FNDA:0,Popup
FNDA:0,(anonymous_8)
FNDA:0,(anonymous_9)
FNDA:0,(anonymous_10)
FNDA:0,(anonymous_11)
FNDA:0,(anonymous_12)
FNDA:0,(anonymous_13)
DA:1,0
DA:2,0
DA:3,0
DA:4,0
DA:5,0
DA:7,0
DA:8,0
DA:15,0
DA:16,0
DA:17,0
DA:19,0
DA:20,0
DA:23,0
DA:24,0
DA:27,0
DA:28,0
DA:29,0
DA:31,0
DA:32,0
DA:35,0
DA:36,0
DA:39,0
DA:40,0
DA:41,0
DA:42,0
DA:43,0
DA:46,0
DA:47,0
DA:48,0
DA:53,0
LF:30
LH:0
BRDA:40,0,0,0
BRDA:40,0,1,0
BRF:2
BRH:0
end_of_record
TN:
SF:src\pages\Popup\PopupView.tsx
FN:13,PopupView
FNF:1
FNH:0
FNDA:0,PopupView
DA:1,0
DA:3,0
DA:4,0
DA:13,0
DA:14,0
LF:5
LH:0
BRDA:16,0,0,0
BRDA:16,0,1,0
BRDA:16,1,0,0
BRDA:16,1,1,0
BRDA:18,2,0,0
BRDA:18,2,1,0
BRDA:18,3,0,0
BRDA:18,3,1,0
BRDA:19,4,0,0
BRDA:19,4,1,0
BRDA:19,5,0,0
BRDA:19,5,1,0
BRDA:20,6,0,0
BRDA:20,6,1,0
BRDA:20,7,0,0
BRDA:20,7,1,0
BRDA:20,8,0,0
BRDA:20,8,1,0
BRDA:20,9,0,0
BRDA:20,9,1,0
BRDA:20,10,0,0
BRDA:20,10,1,0
BRF:22
BRH:0
end_of_record
TN:
SF:src\pages\Popup\style.ts
FN:23,(anonymous_2)
FN:24,(anonymous_3)
FN:29,(anonymous_4)
FN:41,(anonymous_5)
FN:54,(anonymous_6)
FN:54,(anonymous_7)
FNF:6
FNH:0
FNDA:0,(anonymous_2)
FNDA:0,(anonymous_3)
FNDA:0,(anonymous_4)
FNDA:0,(anonymous_5)
FNDA:0,(anonymous_6)
FNDA:0,(anonymous_7)
DA:1,0
DA:2,0
DA:3,0
DA:5,0
DA:14,0
DA:18,0
DA:23,0
DA:24,0
DA:27,0
DA:29,0
DA:34,0
DA:41,0
DA:45,0
DA:51,0
DA:54,0
LF:15
LH:0
BRDA:5,0,0,0
BRDA:5,0,1,0
BRDA:14,1,0,0
BRDA:14,1,1,0
BRDA:18,2,0,0
BRDA:18,2,1,0
BRDA:27,3,0,0
BRDA:27,3,1,0
BRDA:34,4,0,0
BRDA:34,4,1,0
BRDA:45,5,0,0
BRDA:45,5,1,0
BRDA:51,6,0,0
BRDA:51,6,1,0
BRF:14
BRH:0
end_of_record
TN:
SF:src\pages\ProfileEdit\ProfileEdit.tsx
FN:11,ProfileEdit
FN:16,(anonymous_21)
FN:25,(anonymous_22)
FN:30,(anonymous_23)
FN:35,(anonymous_24)
FN:41,(anonymous_25)
FN:42,(anonymous_26)
FN:51,(anonymous_27)
FN:55,(anonymous_28)
FN:59,(anonymous_29)
FN:60,(anonymous_32)
FNF:11
FNH:0
FNDA:0,ProfileEdit
FNDA:0,(anonymous_21)
FNDA:0,(anonymous_22)
FNDA:0,(anonymous_23)
FNDA:0,(anonymous_24)
FNDA:0,(anonymous_25)
FNDA:0,(anonymous_26)
FNDA:0,(anonymous_27)
FNDA:0,(anonymous_28)
FNDA:0,(anonymous_29)
FNDA:0,(anonymous_32)
DA:1,1
DA:2,1
DA:3,1
DA:4,1
DA:5,1
DA:6,1
DA:7,1
DA:9,1
DA:11,1
DA:12,0
DA:13,0
DA:14,0
DA:15,0
DA:16,0
DA:17,0
DA:20,0
DA:21,0
DA:22,0
DA:23,0
DA:25,0
DA:26,0
DA:29,0
DA:30,0
DA:31,0
DA:32,0
DA:34,0
DA:35,0
DA:36,0
DA:41,0
DA:42,0
DA:43,0
DA:44,0
DA:48,0
DA:49,0
DA:51,0
DA:52,0
DA:55,0
DA:56,0
DA:59,0
DA:60,0
DA:61,0
DA:62,0
DA:66,0
LF:43
LH:9
BRDA:31,0,0,0
BRDA:31,0,1,0
BRDA:60,1,0,0
BRF:3
BRH:0
end_of_record
TN:
SF:src\pages\ProfileEdit\ProfileEditView.tsx
FN:27,ProfileEditView
FN:43,(anonymous_10)
FNF:2
FNH:0
FNDA:0,ProfileEditView
FNDA:0,(anonymous_10)
DA:1,1
DA:2,1
DA:3,1
DA:4,1
DA:5,1
DA:27,1
DA:28,0
DA:44,0
LF:8
LH:6
BRDA:48,0,0,0
BRDA:48,0,1,0
BRDA:49,1,0,0
BRDA:49,1,1,0
BRDA:51,2,0,0
BRDA:51,2,1,0
BRF:6
BRH:0
end_of_record
TN:
SF:src\pages\ProfileEdit\style.ts
FN:5,(anonymous_2)
FN:6,(anonymous_3)
FN:23,(anonymous_4)
FN:24,(anonymous_5)
FN:31,(anonymous_6)
FN:32,(anonymous_7)
FN:33,(anonymous_8)
FN:34,(anonymous_9)
FN:40,(anonymous_10)
FN:41,(anonymous_11)
FN:42,(anonymous_12)
FN:46,(anonymous_13)
FNF:12
FNH:0
FNDA:0,(anonymous_2)
FNDA:0,(anonymous_3)
FNDA:0,(anonymous_4)
FNDA:0,(anonymous_5)
FNDA:0,(anonymous_6)
FNDA:0,(anonymous_7)
FNDA:0,(anonymous_8)
FNDA:0,(anonymous_9)
FNDA:0,(anonymous_10)
FNDA:0,(anonymous_11)
FNDA:0,(anonymous_12)
FNDA:0,(anonymous_13)
DA:1,1
DA:3,1
DA:5,0
DA:6,0
DA:13,1
DA:22,1
DA:23,0
DA:24,0
DA:27,1
DA:31,0
DA:32,0
DA:33,0
DA:34,0
DA:39,1
DA:40,0
DA:41,0
DA:42,0
DA:45,1
DA:46,0
LF:19
LH:7
BRDA:3,0,0,1
BRDA:3,0,1,1
BRDA:13,1,0,1
BRDA:13,1,1,1
BRDA:22,2,0,1
BRDA:22,2,1,1
BRDA:27,3,0,1
BRDA:27,3,1,1
BRDA:39,4,0,1
BRDA:39,4,1,1
BRDA:45,5,0,1
BRDA:45,5,1,1
BRF:12
BRH:12
end_of_record
TN:
SF:src\pages\ProfileEdit\validNickName.ts
FN:8,(anonymous_6)
FN:16,(anonymous_7)
FN:29,(anonymous_8)
FN:37,(anonymous_9)
FN:39,(anonymous_10)
FN:43,(anonymous_11)
FNF:6
FNH:0
FNDA:0,(anonymous_6)
FNDA:0,(anonymous_7)
FNDA:0,(anonymous_8)
FNDA:0,(anonymous_9)
FNDA:0,(anonymous_10)
FNDA:0,(anonymous_11)
DA:1,0
DA:5,0
DA:9,0
DA:16,0
DA:17,0
DA:18,0
DA:21,0
DA:29,0
DA:31,0
DA:32,0
DA:34,0
DA:37,0
DA:38,0
DA:39,0
DA:40,0
DA:43,0
DA:44,0
DA:47,0
DA:48,0
DA:50,0
LF:20
LH:0
BRDA:17,0,0,0
BRDA:31,1,0,0
BRF:2
BRH:0
end_of_record
TN:
SF:src\pages\Recommend\EachList.tsx
FN:9,EachList
FN:11,(anonymous_2)
FNF:2
FNH:0
FNDA:0,EachList
FNDA:0,(anonymous_2)
DA:1,1
DA:2,1
DA:3,1
DA:9,1
DA:10,0
DA:11,0
DA:12,0
DA:15,0
LF:8
LH:4
BRF:0
BRH:0
end_of_record
TN:
SF:src\pages\Recommend\Recommend.tsx
FN:5,Recommend
FNF:1
FNH:0
FNDA:0,Recommend
DA:1,0
DA:2,0
DA:3,0
DA:5,0
DA:6,0
DA:7,0
LF:6
LH:0
BRF:0
BRH:0
end_of_record
TN:
SF:src\pages\Recommend\RecommendList.tsx
FN:12,RecommendList
FN:15,(anonymous_8)
FN:24,(anonymous_9)
FN:25,(anonymous_10)
FNF:4
FNH:0
FNDA:0,RecommendList
FNDA:0,(anonymous_8)
FNDA:0,(anonymous_9)
FNDA:0,(anonymous_10)
DA:1,0
DA:2,0
DA:3,0
DA:4,0
DA:5,0
DA:12,0
DA:13,0
DA:14,0
DA:15,0
DA:16,0
DA:19,0
DA:24,0
DA:25,0
DA:26,0
DA:30,0
LF:15
LH:0
BRDA:26,0,0,0
BRDA:26,0,1,0
BRDA:26,1,0,0
BRDA:26,1,1,0
BRF:4
BRH:0
end_of_record
TN:
SF:src\pages\Recommend\RecommendWrite.tsx
FN:9,RecommendWrite
FN:10,(anonymous_23)
FN:26,(anonymous_24)
FN:30,(anonymous_25)
FN:31,(anonymous_26)
FN:39,(anonymous_27)
FN:44,(anonymous_28)
FN:51,(anonymous_31)
FN:58,(anonymous_32)
FN:70,(anonymous_35)
FN:77,(anonymous_36)
FN:93,(anonymous_37)
FN:104,(anonymous_38)
FN:117,(anonymous_39)
FNF:14
FNH:0
FNDA:0,RecommendWrite
FNDA:0,(anonymous_23)
FNDA:0,(anonymous_24)
FNDA:0,(anonymous_25)
FNDA:0,(anonymous_26)
FNDA:0,(anonymous_27)
FNDA:0,(anonymous_28)
FNDA:0,(anonymous_31)
FNDA:0,(anonymous_32)
FNDA:0,(anonymous_35)
FNDA:0,(anonymous_36)
FNDA:0,(anonymous_37)
FNDA:0,(anonymous_38)
FNDA:0,(anonymous_39)
DA:1,1
DA:2,1
DA:3,1
DA:4,1
DA:5,1
DA:6,1
DA:9,1
DA:10,0
DA:11,0
DA:13,0
DA:15,0
DA:20,0
DA:21,0
DA:22,0
DA:23,0
DA:24,0
DA:26,0
DA:27,0
DA:30,0
DA:31,0
DA:32,0
DA:33,0
DA:34,0
DA:37,0
DA:39,0
DA:40,0
DA:44,0
DA:45,0
DA:46,0
DA:47,0
DA:50,0
DA:52,0
DA:53,0
DA:58,0
DA:59,0
DA:60,0
DA:61,0
DA:63,0
DA:64,0
DA:65,0
DA:66,0
DA:67,0
DA:69,0
DA:71,0
DA:72,0
DA:77,0
DA:78,0
DA:79,0
DA:81,0
DA:84,0
DA:94,0
DA:95,0
DA:96,0
DA:105,0
DA:118,0
LF:55
LH:7
BRDA:13,0,0,0
BRDA:13,0,1,0
BRDA:16,1,0,0
BRDA:16,1,1,0
BRDA:16,2,0,0
BRDA:16,2,1,0
BRDA:16,3,0,0
BRDA:16,3,1,0
BRDA:16,4,0,0
BRDA:16,4,1,0
BRDA:16,5,0,0
BRDA:16,5,1,0
BRDA:16,6,0,0
BRDA:16,6,1,0
BRDA:17,7,0,0
BRDA:17,7,1,0
BRDA:17,8,0,0
BRDA:17,8,1,0
BRDA:17,9,0,0
BRDA:17,9,1,0
BRDA:17,10,0,0
BRDA:17,10,1,0
BRDA:32,11,0,0
BRDA:32,12,0,0
BRDA:32,12,1,0
BRDA:33,13,0,0
BRDA:33,13,1,0
BRDA:33,14,0,0
BRDA:33,14,1,0
BRDA:34,15,0,0
BRDA:34,15,1,0
BRDA:34,16,0,0
BRDA:34,16,1,0
BRDA:46,17,0,0
BRDA:60,18,0,0
BRDA:64,19,0,0
BRDA:64,19,1,0
BRDA:65,20,0,0
BRDA:65,20,1,0
BRDA:66,21,0,0
BRDA:66,21,1,0
BRDA:78,22,0,0
BRDA:78,23,0,0
BRDA:78,23,1,0
BRDA:78,24,0,0
BRDA:78,24,1,0
BRDA:78,25,0,0
BRDA:78,25,1,0
BRDA:78,26,0,0
BRDA:78,26,1,0
BRDA:91,27,0,0
BRDA:91,27,1,0
BRDA:91,28,0,0
BRDA:91,28,1,0
BRDA:95,29,0,0
BRDA:101,30,0,0
BRDA:101,30,1,0
BRDA:108,31,0,0
BRDA:108,31,1,0
BRDA:110,32,0,0
BRDA:110,32,1,0
BRDA:123,33,0,0
BRDA:123,33,1,0
BRDA:124,34,0,0
BRDA:124,34,1,0
BRF:65
BRH:0
end_of_record
TN:
SF:src\pages\Recommend\WriteModal.tsx
FN:11,WriteModal
FN:12,onClickModal
FN:18,(anonymous_9)
FN:24,(anonymous_10)
FN:28,(anonymous_11)
FN:32,(anonymous_12)
FN:35,(anonymous_13)
FNF:7
FNH:0
FNDA:0,WriteModal
FNDA:0,onClickModal
FNDA:0,(anonymous_9)
FNDA:0,(anonymous_10)
FNDA:0,(anonymous_11)
FNDA:0,(anonymous_12)
FNDA:0,(anonymous_13)
DA:1,1
DA:2,1
DA:3,1
DA:11,1
DA:13,0
DA:16,0
DA:18,0
DA:19,0
DA:20,0
DA:24,0
DA:25,0
DA:28,0
DA:29,0
DA:32,0
DA:33,0
DA:35,0
DA:36,0
DA:40,0
LF:18
LH:4
BRDA:19,0,0,0
BRDA:19,1,0,0
BRDA:19,1,1,0
BRF:3
BRH:0
end_of_record
TN:
SF:src\pages\Recommend\style.ts
FN:26,(anonymous_2)
FN:63,(anonymous_3)
FN:69,(anonymous_4)
FN:70,(anonymous_5)
FN:86,(anonymous_6)
FN:101,(anonymous_7)
FN:104,(anonymous_8)
FN:111,(anonymous_9)
FN:139,(anonymous_10)
FN:154,(anonymous_11)
FN:168,(anonymous_12)
FNF:11
FNH:0
FNDA:0,(anonymous_2)
FNDA:0,(anonymous_3)
FNDA:0,(anonymous_4)
FNDA:0,(anonymous_5)
FNDA:0,(anonymous_6)
FNDA:0,(anonymous_7)
FNDA:0,(anonymous_8)
FNDA:0,(anonymous_9)
FNDA:0,(anonymous_10)
FNDA:0,(anonymous_11)
FNDA:0,(anonymous_12)
DA:1,3
DA:2,3
DA:3,3
DA:4,3
DA:5,3
DA:6,3
DA:7,3
DA:8,3
DA:9,3
DA:11,3
DA:15,3
DA:26,0
DA:29,3
DA:36,3
DA:44,3
DA:48,3
DA:53,3
DA:62,3
DA:63,0
DA:67,3
DA:69,0
DA:70,0
DA:73,3
DA:82,3
DA:86,0
DA:90,3
DA:100,3
DA:101,0
DA:104,0
DA:108,3
DA:111,0
DA:116,3
DA:126,3
DA:138,3
DA:139,0
DA:153,3
DA:154,0
DA:158,3
DA:164,3
DA:168,0
DA:171,3
DA:178,3
DA:188,3
DA:192,3
DA:201,3
DA:211,3
LF:46
LH:35
BRDA:11,0,0,3
BRDA:11,0,1,3
BRDA:15,1,0,3
BRDA:15,1,1,3
BRDA:29,2,0,3
BRDA:29,2,1,3
BRDA:36,3,0,3
BRDA:36,3,1,3
BRDA:44,4,0,3
BRDA:44,4,1,3
BRDA:48,5,0,3
BRDA:48,5,1,3
BRDA:53,6,0,3
BRDA:53,6,1,3
BRDA:62,7,0,3
BRDA:62,7,1,3
BRDA:67,8,0,3
BRDA:67,8,1,3
BRDA:73,9,0,3
BRDA:73,9,1,3
BRDA:82,10,0,3
BRDA:82,10,1,3
BRDA:90,11,0,3
BRDA:90,11,1,3
BRDA:100,12,0,3
BRDA:100,12,1,3
BRDA:108,13,0,3
BRDA:108,13,1,3
BRDA:116,14,0,3
BRDA:116,14,1,3
BRDA:126,15,0,3
BRDA:126,15,1,3
BRDA:138,16,0,3
BRDA:138,16,1,3
BRDA:153,17,0,3
BRDA:153,17,1,3
BRDA:158,18,0,3
BRDA:158,18,1,3
BRDA:164,19,0,3
BRDA:164,19,1,3
BRDA:171,20,0,3
BRDA:171,20,1,3
BRDA:178,21,0,3
BRDA:178,21,1,3
BRDA:188,22,0,3
BRDA:188,22,1,3
BRDA:192,23,0,3
BRDA:192,23,1,3
BRDA:201,24,0,3
BRDA:201,24,1,3
BRDA:211,25,0,3
BRDA:211,25,1,3
BRF:52
BRH:52
end_of_record
TN:
SF:src\pages\Recommend\view\EachListView.tsx
FN:10,EachListView
FNF:1
FNH:0
FNDA:0,EachListView
DA:1,1
DA:2,1
DA:3,1
DA:10,1
DA:11,0
LF:5
LH:4
BRDA:13,0,0,0
BRDA:13,0,1,0
BRDA:17,1,0,0
BRDA:17,1,1,0
BRDA:17,2,0,0
BRDA:17,2,1,0
BRDA:17,3,0,0
BRDA:17,3,1,0
BRDA:17,4,0,0
BRDA:17,4,1,0
BRDA:17,5,0,0
BRDA:17,5,1,0
BRDA:17,6,0,0
BRDA:17,6,1,0
BRDA:20,7,0,0
BRDA:20,7,1,0
BRDA:20,8,0,0
BRDA:20,8,1,0
BRDA:24,9,0,0
BRDA:24,9,1,0
BRDA:24,10,0,0
BRDA:24,10,1,0
BRDA:24,11,0,0
BRDA:24,11,1,0
BRDA:24,12,0,0
BRDA:24,12,1,0
BRDA:25,13,0,0
BRDA:25,13,1,0
BRDA:25,14,0,0
BRDA:25,14,1,0
BRF:30
BRH:0
end_of_record
TN:
SF:src\pages\Recommend\view\WriteModalView.tsx
FN:14,WriteModalView
FNF:1
FNH:0
FNDA:0,WriteModalView
DA:1,1
DA:2,1
DA:14,1
DA:15,0
LF:4
LH:3
BRF:0
BRH:0
end_of_record
TN:
SF:src\pages\Setting\Setting.tsx
FN:9,Setting
FN:15,(anonymous_8)
FN:23,(anonymous_9)
FN:27,(anonymous_10)
FN:31,(anonymous_11)
FN:35,(anonymous_12)
FN:39,(anonymous_13)
FN:41,(anonymous_14)
FN:46,(anonymous_15)
FN:47,(anonymous_16)
FNF:10
FNH:0
FNDA:0,Setting
FNDA:0,(anonymous_8)
FNDA:0,(anonymous_9)
FNDA:0,(anonymous_10)
FNDA:0,(anonymous_11)
FNDA:0,(anonymous_12)
FNDA:0,(anonymous_13)
FNDA:0,(anonymous_14)
FNDA:0,(anonymous_15)
FNDA:0,(anonymous_16)
DA:1,0
DA:2,0
DA:3,0
DA:4,0
DA:5,0
DA:6,0
DA:9,0
DA:10,0
DA:11,0
DA:12,0
DA:13,0
DA:14,0
DA:15,0
DA:16,0
DA:19,0
DA:20,0
DA:21,0
DA:23,0
DA:24,0
DA:27,0
DA:28,0
DA:31,0
DA:32,0
DA:35,0
DA:36,0
DA:39,0
DA:40,0
DA:41,0
DA:42,0
DA:46,0
DA:47,0
DA:48,0
DA:52,0
LF:33
LH:0
BRF:0
BRH:0
end_of_record
TN:
SF:src\pages\Splash\style.ts
FN:23,(anonymous_2)
FN:24,(anonymous_3)
FN:48,(anonymous_4)
FN:50,(anonymous_5)
FN:57,(anonymous_6)
FN:58,(anonymous_7)
FN:63,(anonymous_8)
FN:64,(anonymous_9)
FN:66,(anonymous_10)
FN:70,(anonymous_11)
FN:71,(anonymous_12)
FN:83,(anonymous_13)
FNF:12
FNH:0
FNDA:0,(anonymous_2)
FNDA:0,(anonymous_3)
FNDA:0,(anonymous_4)
FNDA:0,(anonymous_5)
FNDA:0,(anonymous_6)
FNDA:0,(anonymous_7)
FNDA:0,(anonymous_8)
FNDA:0,(anonymous_9)
FNDA:0,(anonymous_10)
FNDA:0,(anonymous_11)
FNDA:0,(anonymous_12)
FNDA:0,(anonymous_13)
DA:1,1
DA:2,1
DA:3,1
DA:5,1
DA:14,1
DA:20,1
DA:23,0
DA:24,0
DA:28,1
DA:36,1
DA:43,1
DA:48,0
DA:50,0
DA:56,1
DA:57,0
DA:58,0
DA:62,1
DA:63,0
DA:64,0
DA:66,0
DA:69,1
DA:70,0
DA:71,0
DA:76,1
DA:83,0
LF:25
LH:13
BRDA:5,0,0,1
BRDA:5,0,1,1
BRDA:14,1,0,1
BRDA:14,1,1,1
BRDA:20,2,0,1
BRDA:20,2,1,1
BRDA:28,3,0,1
BRDA:28,3,1,1
BRDA:36,4,0,1
BRDA:36,4,1,1
BRDA:43,5,0,1
BRDA:43,5,1,1
BRDA:56,6,0,1
BRDA:56,6,1,1
BRDA:62,7,0,1
BRDA:62,7,1,1
BRDA:69,8,0,1
BRDA:69,8,1,1
BRDA:76,9,0,1
BRDA:76,9,1,1
BRF:20
BRH:20
end_of_record
TN:
SF:src\pages\Title\TitleView.tsx
FN:28,TitleView
FN:41,(anonymous_10)
FNF:2
FNH:0
FNDA:0,TitleView
FNDA:0,(anonymous_10)
DA:1,1
DA:2,1
DA:3,1
DA:4,1
DA:5,1
DA:7,1
DA:8,1
DA:28,1
DA:29,0
DA:42,0
LF:10
LH:8
BRDA:35,0,0,0
BRDA:35,0,1,0
BRDA:37,1,0,0
BRDA:37,1,1,0
BRDA:37,2,0,0
BRDA:37,2,1,0
BRDA:41,3,0,0
BRDA:41,3,1,0
BRDA:41,4,0,0
BRDA:41,4,1,0
BRF:10
BRH:0
end_of_record
TN:
SF:src\pages\Title\style.ts
FN:42,(anonymous_2)
FNF:1
FNH:0
FNDA:0,(anonymous_2)
DA:1,2
DA:2,2
DA:4,2
DA:10,2
DA:14,2
DA:20,2
DA:36,2
DA:42,0
DA:47,2
DA:53,2
DA:59,2
DA:70,2
LF:12
LH:11
BRDA:4,0,0,2
BRDA:4,0,1,2
BRDA:10,1,0,2
BRDA:10,1,1,2
BRDA:14,2,0,2
BRDA:14,2,1,2
BRDA:20,3,0,2
BRDA:20,3,1,2
BRDA:36,4,0,2
BRDA:36,4,1,2
BRDA:47,5,0,2
BRDA:47,5,1,2
BRDA:53,6,0,2
BRDA:53,6,1,2
BRDA:59,7,0,2
BRDA:59,7,1,2
BRDA:70,8,0,2
BRDA:70,8,1,2
BRF:18
BRH:18
end_of_record
TN:
SF:src\slice\findStoreSlice.ts
FN:27,(anonymous_0)
FNF:1
FNH:0
FNDA:0,(anonymous_0)
DA:1,0
DA:3,0
DA:23,0
DA:28,0
DA:33,0
LF:5
LH:0
BRDA:5,0,0,0
BRDA:5,0,1,0
BRF:2
BRH:0
end_of_record
TN:
SF:src\slice\findTitleSlice.ts
FN:23,(anonymous_0)
FNF:1
FNH:0
FNDA:0,(anonymous_0)
DA:1,0
DA:3,0
DA:19,0
DA:24,0
DA:29,0
LF:5
LH:0
BRF:0
BRH:0
end_of_record
TN:
SF:src\slice\userPickSlice.ts
FN:23,(anonymous_0)
FN:28,(anonymous_1)
FN:35,(anonymous_2)
FNF:3
FNH:0
FNDA:0,(anonymous_0)
FNDA:0,(anonymous_1)
FNDA:0,(anonymous_2)
DA:1,0
DA:3,0
DA:9,0
DA:19,0
DA:24,0
DA:25,0
DA:26,0
DA:29,0
DA:30,0
DA:36,0
DA:37,0
DA:38,0
DA:39,0
DA:40,0
DA:41,0
DA:42,0
DA:44,0
DA:45,0
DA:46,0
DA:47,0
DA:48,0
DA:49,0
DA:50,0
DA:55,0
LF:24
LH:0
BRF:0
BRH:0
end_of_record
TN:
SF:src\slice\userSlice.ts
FN:10,(anonymous_0)
FNF:1
FNH:0
FNDA:0,(anonymous_0)
DA:1,0
DA:3,0
DA:11,0
DA:16,0
LF:4
LH:0
BRF:0
BRH:0
end_of_record
TN:
SF:src\styles\GlobalStyles.js
FNF:0
FNH:0
DA:5,0
LF:1
LH:0
BRF:0
BRH:0
end_of_record
TN:
SF:src\styles\theme.js
FNF:0
FNH:0
DA:1,5
LF:1
LH:1
BRF:0
BRH:0
end_of_record
TN:
SF:src\types\images.d.ts
FNF:0
FNH:0
LF:0
LH:0
BRF:0
BRH:0
end_of_record
TN:
SF:src\utils\svgTransformer.js
FN:2,(anonymous_0)
FNF:1
FNH:0
FNDA:0,(anonymous_0)
DA:1,0
DA:3,0
LF:2
LH:0
BRF:0
BRH:0
end_of_record
